<?xml version="1.0" encoding="UTF-8"?>
<!-- Generated by org.testng.reporters.JUnitReportReporter -->
<testsuite hostname="DESKTOP-PGL0QVV" failures="0" tests="3" name="com_annotations.Priority" time="17.811" errors="0" timestamp="2024-09-03T12:31:11 IST" skipped="0">
  <testcase classname="com_annotations.Priority" name="registrationFunctionality" time="5.999"/>
  <testcase classname="com_annotations.Priority" name="forgotPasswordFunctionality" time="5.632"/>
  <testcase classname="com_annotations.Priority" name="loginFunctionality" time="6.180"/>
</testsuite> <!-- com_annotations.Priority -->
