<?xml version="1.0" encoding="UTF-8"?>
<!-- Generated by org.testng.reporters.JUnitReportReporter -->
<testsuite hostname="LAPTOP-2U3258KH" failures="0" tests="3" name="com_parallel_testing.Luma_Login" time="0.000" errors="0" timestamp="2024-10-10T10:07:23 IST" skipped="3">
  <testcase classname="com_parallel_testing.Luma_Login" name="loginFunctionality" time="0.000">
    <skipped/>
  </testcase> <!-- loginFunctionality -->
  <testcase classname="com_parallel_testing.Luma_Login" name="logoutFunctionality" time="0.000">
    <skipped/>
  </testcase> <!-- logoutFunctionality -->
  <testcase classname="com_parallel_testing.Luma_Login" name="reloginFunctionality" time="0.000">
    <skipped/>
  </testcase> <!-- reloginFunctionality -->
</testsuite> <!-- com_parallel_testing.Luma_Login -->
