<?xml version="1.0" encoding="UTF-8"?>
<!-- Generated by org.testng.reporters.JUnitReportReporter -->
<testsuite hostname="DESKTOP-PGL0QVV" failures="0" tests="3" name="com_Assertions.Hard_Assertion" time="2.360" errors="0" timestamp="2024-09-05T11:43:48 IST" skipped="0">
  <testcase classname="com_Assertions.Hard_Assertion" name="LoginFunctionality" time="0.774"/>
  <testcase classname="com_Assertions.Hard_Assertion" name="verification" time="0.288"/>
  <testcase classname="com_Assertions.Hard_Assertion" name="SearchHotelFunctionality" time="1.298"/>
</testsuite> <!-- com_Assertions.Hard_Assertion -->
