<?xml version="1.0" encoding="UTF-8"?>
<!-- Generated by org.testng.reporters.JUnitReportReporter -->
<testsuite hostname="DESKTOP-PGL0QVV" failures="0" tests="5" name="com_Innovacational_Count.Innovacational_Count" time="7.262" errors="0" timestamp="2024-09-09T09:56:09 IST" skipped="0">
  <testcase classname="com_Innovacational_Count.Innovacational_Count" name="loginFunctionality" time="1.657"/>
  <testcase classname="com_Innovacational_Count.Innovacational_Count" name="loginFunctionality" time="1.312"/>
  <testcase classname="com_Innovacational_Count.Innovacational_Count" name="loginFunctionality" time="1.443"/>
  <testcase classname="com_Innovacational_Count.Innovacational_Count" name="loginFunctionality" time="1.282"/>
  <testcase classname="com_Innovacational_Count.Innovacational_Count" name="loginFunctionality" time="1.568"/>
</testsuite> <!-- com_Innovacational_Count.Innovacational_Count -->
