<?xml version="1.0" encoding="UTF-8"?>
<!-- Generated by org.testng.reporters.JUnitReportReporter -->
<testsuite hostname="LAPTOP-2U3258KH" failures="0" tests="4" name="com_data_provider.Data_Provider" time="2.960" errors="0" timestamp="2024-10-14T00:02:49 IST" skipped="0">
  <testcase classname="com_data_provider.Data_Provider" name="loginFunctionality" time="0.536"/>
  <testcase classname="com_data_provider.Data_Provider" name="loginFunctionality" time="0.694"/>
  <testcase classname="com_data_provider.Data_Provider" name="loginFunctionality" time="1.182"/>
  <testcase classname="com_data_provider.Data_Provider" name="loginFunctionality" time="0.548"/>
</testsuite> <!-- com_data_provider.Data_Provider -->
