<?xml version="1.0" encoding="UTF-8"?>
<!-- Generated by org.testng.reporters.JUnitReportReporter -->
<testsuite hostname="LAPTOP-2U3258KH" failures="0" tests="3" name="com_grouping_testcases.Grouping_Testcases" time="37.122" errors="0" timestamp="2024-10-09T12:20:01 IST" skipped="0">
  <testcase classname="com_grouping_testcases.Grouping_Testcases" name="openApplication" time="9.563"/>
  <testcase classname="com_grouping_testcases.Grouping_Testcases" name="LoginFunctionality" time="0.817"/>
  <testcase classname="com_grouping_testcases.Grouping_Testcases" name="SearchHotelFunctionality" time="26.742"/>
</testsuite> <!-- com_grouping_testcases.Grouping_Testcases -->
