<?xml version="1.0" encoding="UTF-8"?>
<!-- Generated by org.testng.reporters.JUnitReportReporter -->
<testsuite hostname="DESKTOP-PGL0QVV" failures="0" tests="1" name="com_annotations.Annotations_Example" time="0.018" errors="0" timestamp="2024-09-03T21:57:54 IST" skipped="0">
  <testcase classname="com_annotations.Annotations_Example" name="method5" time="0.018"/>
</testsuite> <!-- com_annotations.Annotations_Example -->
