<?xml version="1.0" encoding="UTF-8"?>
<!-- Generated by org.testng.reporters.JUnitReportReporter -->
<testsuite hostname="LAPTOP-2U3258KH" failures="0" tests="5" name="com_Assertions.Hard_Assersition_Pass" time="8.523" errors="0" timestamp="2024-10-09T12:41:33 IST" skipped="0">
  <testcase classname="com_Assertions.Hard_Assersition_Pass" name="openApplication" time="6.009"/>
  <testcase classname="com_Assertions.Hard_Assersition_Pass" name="LoginFunctionality" time="0.731"/>
  <testcase classname="com_Assertions.Hard_Assersition_Pass" name="verificationofSearchHotelFunctionality" time="1.231"/>
  <testcase classname="com_Assertions.Hard_Assersition_Pass" name="SelectHotel" time="0.466"/>
  <testcase classname="com_Assertions.Hard_Assersition_Pass" name="closeApplication" time="0.086"/>
</testsuite> <!-- com_Assertions.Hard_Assersition_Pass -->
